        -:    0:Source:C:/Desktop/OOP/lab2/domain.c
        -:    0:Graph:C:\Desktop\OOP\lab2\cmake-build-debug-coverage\CMakeFiles\lab2.dir\domain.c.gcno
        -:    0:Data:C:\Desktop\OOP\lab2\cmake-build-debug-coverage\CMakeFiles\lab2.dir\domain.c.gcda
        -:    0:Runs:1
        -:    1://
        -:    2:// Created by Daniel on 05.03.2022.
        -:    3://
        -:    4:
        -:    5:#include <math.h>
        -:    6:#include "domain.h"
        -:    7:
        8:    8:Medicament medicament_create_default(){ // creez un medicament
        -:    9:    Medicament medicament;
        8:   10:    strcpy(medicament.cod, "0");
        8:   11:    strcpy(medicament.nume, "medicament");
        8:   12:    medicament.concentratie = 0.0;
        8:   13:    medicament.cantitate = 0;
        8:   14:    return medicament;
        -:   15:}
        -:   16:
       10:   17:Medicament medicament_create(char* cod, char* nume, double concentratie, int cantitate){ // creez un medicament cu valorile date
        -:   18:    Medicament medicament;
       10:   19:    strcpy(medicament.cod, cod);
       10:   20:    strcpy(medicament.nume, nume);
       10:   21:    medicament.concentratie = concentratie;
       10:   22:    medicament.cantitate = cantitate;
       10:   23:    return medicament;
        -:   24:}
        -:   25:
       18:   26:void medicament_get_cod(Medicament medicament, char* cod){
        -:   27:    // copiaza codul medicamentului dat ca prim parametru in sirul cod
       18:   28:    strcpy(cod, medicament.cod);
       18:   29:}
       12:   30:void medicament_get_nume(Medicament medicament, char* nume){
        -:   31:    // copiaza numele medicamentului dat ca prim parametru in sirul nume
       12:   32:    strcpy(nume, medicament.nume);
       12:   33:}
       12:   34:double medicament_get_concentratie(Medicament medicament){
        -:   35:    // returneaza concentratia medicamentului dat ca prim parametru
       12:   36:    return medicament.concentratie;
        -:   37:}
       15:   38:int medicament_get_cantitate(Medicament medicament){
        -:   39:    // returneaza nr de medicamente 'medicament' din stoc
       15:   40:    return medicament.cantitate;
        -:   41:}
        -:   42:
        3:   43:void medicament_set_cod(Medicament* medicament, char* cod){
        -:   44:    // seteaza codul medicamentului dat ca prim parametru la sirul cod
        3:   45:    strcpy(medicament->cod, cod);
        3:   46:}
        3:   47:void medicament_set_nume(Medicament* medicament, char* nume){
        -:   48:    // seteaza numele medicamentului dat ca prim parametru la sirul nume
        3:   49:    strcpy(medicament->nume, nume);
        3:   50:}
        3:   51:void medicament_set_concentratie(Medicament* medicament, double concentratie){
        -:   52:    // seteaza concentratia medicamentului dat ca prim parametru la al doilea parametru, concentratie
        3:   53:    medicament->concentratie = concentratie;
        3:   54:}
        5:   55:void medicament_set_cantitate(Medicament* medicament, int cantitate){
        -:   56:    // seteaza cantitatea medicamentului dat ca prim parametru la al doilea parametru, cantitate
        5:   57:    medicament->cantitate = cantitate;
        5:   58:    (*medicament).cantitate = cantitate;
        5:   59:}
        -:   60:
       14:   61:int medicament_eq(Medicament medicament1, Medicament medicament2){
        -:   62:    // verifica daca proprietatile celor 2 medicamente date au aceleasi campuri, exceptie facand cantitatea
       14:   63:    if(strcmp(medicament1.cod, medicament2.cod) !=0) return 0;
       8*:   64:    if(strcmp(medicament1.nume, medicament2.nume) !=0) return 0;
       8*:   65:    if(fabs(medicament1.concentratie-medicament2.concentratie)>=1e-6) return 0;
        8:   66:    return 1;
        -:   67:}
        -:   68:
        1:   69:void medicament_sterge_stoc(Medicament* medicament){
        -:   70:    // sterg stocul, adica setez cantitatea la 0
        1:   71:    medicament->cantitate = 0;
        1:   72:}
