        -:    0:Source:C:/Desktop/OOP/lab2/domain.c
        -:    0:Graph:C:\Desktop\OOP\lab2\cmake-build-debug-coverage\CMakeFiles\lab2.dir\domain.c.gcno
        -:    0:Data:C:\Desktop\OOP\lab2\cmake-build-debug-coverage\CMakeFiles\lab2.dir\domain.c.gcda
        -:    0:Runs:1
        -:    1://
        -:    2:// Created by Daniel on 05.03.2022.
        -:    3://
        -:    4:
        -:    5:#include <math.h>
        -:    6:#include "domain.h"
        -:    7:
        9:    8:Medicament* medicament_create_default(){
        9:    9:    Medicament* medicament = malloc(sizeof(Medicament));
        9:   10:    medicament->cod = NULL;
        9:   11:    medicament->nume = NULL;
        9:   12:    medicament->concentratie = 0.0;
        9:   13:    medicament->cantitate = 0;
        9:   14:    return medicament;
        -:   15:}
        -:   16:
       14:   17:Medicament* medicament_create(char* cod, char* nume, double concentratie, int cantitate){
       14:   18:    Medicament* medicament = malloc(sizeof(Medicament));
       14:   19:    if(cod==NULL) medicament->cod = NULL;
        -:   20:    else {
       13:   21:        medicament->cod = malloc(sizeof(char) * (strlen(cod) + 1));
       13:   22:        strcpy(medicament->cod, cod);
        -:   23:    }
       14:   24:    if(nume==NULL) medicament->nume = NULL;
        -:   25:    else {
       13:   26:        medicament->nume = malloc(sizeof(char)*(strlen(nume)+1));
       13:   27:        strcpy(medicament->nume, nume);
        -:   28:    }
       14:   29:    medicament->concentratie = concentratie;
       14:   30:    medicament->cantitate = cantitate;
       14:   31:    return medicament;
        -:   32:}
        -:   33:
       16:   34:char* medicament_get_cod(Medicament* medicament){
       16:   35:    return medicament->cod;
        -:   36:}
       12:   37:char* medicament_get_nume(Medicament* medicament){
       12:   38:    return medicament->nume;
        -:   39:}
       12:   40:double medicament_get_concentratie(Medicament* medicament){
       12:   41:    return medicament->concentratie;
        -:   42:}
       15:   43:int medicament_get_cantitate(Medicament* medicament){
       15:   44:    return medicament->cantitate;
        -:   45:}
        -:   46:
        2:   47:void medicament_set_cod(Medicament* medicament, char* cod){
        2:   48:    medicament->cod = malloc(sizeof(char)*(strlen(cod)+1));
        2:   49:    strcpy(medicament->cod, cod);
        2:   50:}
        3:   51:void medicament_set_nume(Medicament* medicament, char* nume){
        3:   52:    medicament->nume = malloc(sizeof(char)*(strlen(nume)+1));
        3:   53:    strcpy(medicament->nume, nume);
        3:   54:}
        3:   55:void medicament_set_concentratie(Medicament* medicament, double concentratie){
        3:   56:    medicament->concentratie = concentratie;
        3:   57:}
        5:   58:void medicament_set_cantitate(Medicament* medicament, int cantitate){
        5:   59:    medicament->cantitate = cantitate;
        5:   60:}
        -:   61:
       14:   62:int medicament_eq(void* m1, void* m2){
       14:   63:    Medicament* medicament1 = (Medicament*)m1;
       14:   64:    Medicament* medicament2 = (Medicament*)m2;
       14:   65:    if(medicament1->cod == NULL || medicament2->cod == NULL) return medicament1->cod == medicament2->cod;
        9:   66:    if(strcmp(medicament1->cod, medicament2->cod) !=0) return 0;
        -:   67:
       5*:   68:    if(medicament1->nume == NULL || medicament2->cod == NULL) return medicament1->nume == medicament2->nume;
       5*:   69:    if(strcmp(medicament1->nume, medicament2->nume) !=0) return 0;
        -:   70:
       5*:   71:    if(fabs(medicament1->concentratie-medicament2->concentratie)>=1e-6) return 0;
        5:   72:    return 1;
        -:   73:}
        -:   74:
        1:   75:void medicament_sterge_stoc(Medicament* medicament){
        1:   76:    medicament->cantitate = 0;
        1:   77:}
        -:   78:
        5:   79:void medicament_delete(Medicament* medicament)
        -:   80:{
        5:   81:    free(medicament->cod);
        5:   82:    free(medicament->nume);
        5:   83:    free(medicament);
        5:   84:}
