        -:    0:Source:/mnt/c/Desktop/CLionsProjects/OOPlab2/domain.c
        -:    0:Graph:/mnt/c/Desktop/OOP/lab2/cmake-build-debug-coverage/CMakeFiles/lab2.dir/domain.c.gcno
        -:    0:Data:/mnt/c/Desktop/OOP/lab2/cmake-build-debug-coverage/CMakeFiles/lab2.dir/domain.c.gcda
        -:    0:Runs:1
        -:    0:Programs:1
        -:    1://
        -:    2:// Created by Daniel on 05.03.2022.
        -:    3://
        -:    4:
        -:    5:#include <math.h>
        -:    6:#include "domain.h"
        -:    7:
        6:    8:Medicament* medicament_create_default(){
        6:    9:    Medicament* medicament = malloc(sizeof(Medicament));
        6:   10:    medicament->cod = NULL;
        6:   11:    medicament->nume = NULL;
        6:   12:    medicament->concentratie = 0.0;
        6:   13:    medicament->cantitate = 0;
        6:   14:    return medicament;
        -:   15:}
        -:   16:
       15:   17:Medicament* medicament_create(char* cod, char* nume, double concentratie, int cantitate){
       15:   18:    Medicament* medicament = malloc(sizeof(Medicament));
       15:   19:    if(cod==NULL) medicament->cod = NULL;
        -:   20:    else {
       14:   21:        medicament->cod = malloc(sizeof(char) * (strlen(cod) + 1));
       14:   22:        strcpy(medicament->cod, cod);
        -:   23:    }
       15:   24:    if(nume==NULL) medicament->nume = NULL;
        -:   25:    else {
       14:   26:        medicament->nume = malloc(sizeof(char) * (strlen(nume)+1));
       14:   27:        strcpy(medicament->nume, nume);
        -:   28:    }
       15:   29:    medicament->concentratie = concentratie;
       15:   30:    medicament->cantitate = cantitate;
       15:   31:    return medicament;
        -:   32:}
        -:   33:
       16:   34:char* medicament_get_cod(Medicament* medicament){
       16:   35:    return medicament->cod;
        -:   36:}
       12:   37:char* medicament_get_nume(Medicament* medicament){
       12:   38:    return medicament->nume;
        -:   39:}
       12:   40:double medicament_get_concentratie(Medicament* medicament){
       12:   41:    return medicament->concentratie;
        -:   42:}
       15:   43:int medicament_get_cantitate(Medicament* medicament){
       15:   44:    return medicament->cantitate;
        -:   45:}
        -:   46:
        2:   47:void medicament_set_cod(Medicament* medicament, char* cod){
        2:   48:    if(medicament->cod) free(medicament->cod);
        2:   49:    medicament->cod = malloc(sizeof(char)*(strlen(cod)+1));
        2:   50:    strcpy(medicament->cod, cod);
        2:   51:}
        3:   52:void medicament_set_nume(Medicament* medicament, char* nume){
        3:   53:    if(medicament->nume) free(medicament->nume);
        3:   54:    medicament->nume = malloc(sizeof(char)*(strlen(nume)+1));
        3:   55:    strcpy(medicament->nume, nume);
        3:   56:}
        3:   57:void medicament_set_concentratie(Medicament* medicament, double concentratie){
        3:   58:    medicament->concentratie = concentratie;
        3:   59:}
        5:   60:void medicament_set_cantitate(Medicament* medicament, int cantitate){
        5:   61:    medicament->cantitate = cantitate;
        5:   62:}
        -:   63:
       16:   64:int medicament_eq(void* m1, void* m2){
       16:   65:    Medicament* medicament1 = (Medicament*)m1;
       16:   66:    Medicament* medicament2 = (Medicament*)m2;
       16:   67:    if(medicament1->cod == NULL || medicament2->cod == NULL) return medicament1->cod == medicament2->cod;
       11:   68:    if(strcmp(medicament1->cod, medicament2->cod) !=0) return 0;
        -:   69:
        7:   70:    if(medicament1->nume == NULL || medicament2->cod == NULL) return medicament1->nume == medicament2->nume;
        7:   71:    if(strcmp(medicament1->nume, medicament2->nume) !=0) return 0;
        -:   72:
        7:   73:    if(fabs(medicament1->concentratie-medicament2->concentratie)>=1e-6) return 0;
        7:   74:    return 1;
        -:   75:}
        -:   76:
        1:   77:void medicament_sterge_stoc(Medicament* medicament){
        1:   78:    medicament->cantitate = 0;
        1:   79:}
        -:   80:
       21:   81:void medicament_delete(Medicament* medicament)
        -:   82:{
       21:   83:    if(medicament->cod != NULL) free(medicament->cod);
       21:   84:    if(medicament->nume != NULL) free(medicament->nume);
       21:   85:    free(medicament);
       21:   86:    medicament=NULL;
       21:   87:}
