        -:    0:Source:C:/Desktop/OOP/lab2/main.c
        -:    0:Graph:C:\Desktop\OOP\lab2\cmake-build-debug-coverage\CMakeFiles\lab2.dir\main.c.gcno
        -:    0:Data:C:\Desktop\OOP\lab2\cmake-build-debug-coverage\CMakeFiles\lab2.dir\main.c.gcda
        -:    0:Runs:1
        -:    1:#include "tests.h"
        -:    2://#include "ui.h"
        -:    3:
        1:    4:int main() {
        1:    5:    testall();
        -:    6:    //Repository repository = repository_create();
        -:    7:    //Service s = service_create(repository);
        -:    8:    //menu(&s);
        1:    9:    return 0;
        -:   10:}
