        -:    0:Source:/mnt/c/Desktop/CLionsProjects/OOPlab2/validator.c
        -:    0:Graph:/mnt/c/Desktop/CLionsProjects/OOPlab2/cmake-build-debug-coverage/CMakeFiles/lab2.dir/validator.c.gcno
        -:    0:Data:/mnt/c/Desktop/CLionsProjects/OOPlab2/cmake-build-debug-coverage/CMakeFiles/lab2.dir/validator.c.gcda
        -:    0:Runs:1
        -:    0:Programs:1
        -:    1://
        -:    2:// Created by Daniel on 05.03.2022.
        -:    3://
        -:    4:
        -:    5:#include "validator.h"
        -:    6:
       12:    7:int validate_cod(char* cod){
       12:    8:    if(cod == NULL)
        1:    9:        return EROARE_COD;
       11:   10:    if(strlen(cod) == 0)
        2:   11:        return EROARE_COD;
       41:   12:    for(int i=0; cod[i]; ++i)
       33:   13:        if(!isalnum(cod[i]))
        1:   14:            return EROARE_COD;
        8:   15:    return VALIDATOR_OK;
        -:   16:}
       16:   17:int validate_nume(char* nume){
       16:   18:    if(nume==NULL)
        1:   19:        return EROARE_NUME;
       15:   20:    if(strlen(nume) == 0)
        1:   21:        return EROARE_NUME;
      107:   22:    for(int i=0; nume[i]; ++i)
       95:   23:        if(!isalpha(nume[i]) && !isblank(nume[i]))
        2:   24:            return EROARE_NUME;
       12:   25:    return VALIDATOR_OK;
        -:   26:}
       16:   27:int validate_concentratie(double concentratie){
       16:   28:    if(concentratie<=0 || concentratie>100.0)
        6:   29:        return EROARE_CONC;
       10:   30:    return VALIDATOR_OK;
        -:   31:}
       11:   32:int validate_cantitate(int cantitate){
       11:   33:    if(cantitate > 0)
        8:   34:        return VALIDATOR_OK;
        3:   35:    return EROARE_CANT;
        -:   36:}
        9:   37:int validate_madicament(Medicament* medicament){
       18:   38:    return  validate_cod(medicament_get_cod(medicament)) |
       18:   39:            validate_nume(medicament_get_nume(medicament)) |
       18:   40:            validate_concentratie(medicament_get_concentratie(medicament)) |
        9:   41:            validate_cantitate(medicament_get_cantitate(medicament));
        -:   42:}
